<?xml version="1.0" encoding="UTF-8"?>
<!-- Generated by org.testng.reporters.JUnitReportReporter -->
<testsuite hostname="DESKTOP-1429IRN" failures="0" tests="2" name="test.DeletUser" time="1.794" errors="0" timestamp="2022-09-16T12:37:51 ART" skipped="0">
  <testcase classname="test.DeletUser" name="validatedelteuser" time="0.108"/>
  <system-out/>
  <testcase classname="test.DeletUser" name="delete" time="1.686"/>
  <system-out/>
</testsuite> <!-- test.DeletUser -->
