<?xml version="1.0" encoding="UTF-8"?>
<!-- Generated by org.testng.reporters.JUnitReportReporter -->
<testsuite hostname="AR-IT24496" failures="0" tests="4" name="test.TestRegisterUser" time="9.023" errors="0" timestamp="2022-02-06T13:43:30 ART" skipped="0">
  <testcase classname="test.TestRegisterUser" name="accountInfo" time="2.788"/>
  <system-out/>
  <testcase classname="test.TestRegisterUser" name="UserRegstertion" time="1.374"/>
  <system-out/>
  <testcase classname="test.TestRegisterUser" name="verify_welcomeMessage" time="4.852"/>
  <system-out/>
  <testcase classname="test.TestRegisterUser" name="titlepage" time="0.009"/>
  <system-out/>
</testsuite> <!-- test.TestRegisterUser -->
