<?xml version="1.0" encoding="UTF-8"?>
<!-- Generated by org.testng.reporters.JUnitReportReporter -->
<testsuite hostname="DESKTOP-1429IRN" failures="0" tests="4" name="test.AddUserTest" time="1.236" errors="0" timestamp="2022-09-15T17:25:15 ART" skipped="0">
  <testcase classname="test.AddUserTest" name="assert_change" time="0.001"/>
  <system-out/>
  <testcase classname="test.AddUserTest" name="fillform" time="0.980"/>
  <system-out/>
  <testcase classname="test.AddUserTest" name="validateNewuser" time="0.114"/>
  <system-out/>
  <testcase classname="test.AddUserTest" name="stepOneCreatingUser" time="0.141"/>
  <system-out/>
</testsuite> <!-- test.AddUserTest -->
