<?xml version="1.0" encoding="UTF-8"?>
<!-- Generated by org.testng.reporters.JUnitReportReporter -->
<testsuite hostname="DESKTOP-1429IRN" failures="0" tests="2" name="test.DeletUser" time="2.304" errors="0" timestamp="2022-09-12T10:25:14 ART" skipped="0">
  <testcase classname="test.DeletUser" name="validatedelteuser" time="0.158"/>
  <system-out/>
  <testcase classname="test.DeletUser" name="delete" time="2.146"/>
  <system-out/>
</testsuite> <!-- test.DeletUser -->
