<?xml version="1.0" encoding="UTF-8"?>
<!-- Generated by org.testng.reporters.JUnitReportReporter -->
<testsuite hostname="AR-IT24496" failures="0" tests="3" name="test.TestCart" time="23.775" errors="0" timestamp="2022-02-06T21:01:43 ART" skipped="0">
  <testcase classname="test.TestCart" name="login_valid_user_Mail" time="10.640"/>
  <system-out/>
  <testcase classname="test.TestCart" name="cart_operation" time="13.106"/>
  <system-out/>
  <testcase classname="test.TestCart" name="titlepage" time="0.029"/>
  <system-out/>
</testsuite> <!-- test.TestCart -->
