<?xml version="1.0" encoding="UTF-8"?>
<!-- Generated by org.testng.reporters.JUnitReportReporter -->
<testsuite hostname="AR-IT24496" failures="0" tests="5" name="test.LogoutUser" time="7.957" errors="0" timestamp="2022-02-06T15:34:32 ART" skipped="0">
  <testcase classname="test.LogoutUser" name="verify_logoutSignOut" time="0.022"/>
  <system-out/>
  <testcase classname="test.LogoutUser" name="LoginWithincorrectData" time="6.747"/>
  <system-out/>
  <testcase classname="test.LogoutUser" name="User_Logout" time="0.958"/>
  <system-out/>
  <testcase classname="test.LogoutUser" name="verify_name" time="0.171"/>
  <system-out/>
  <testcase classname="test.LogoutUser" name="titlepage" time="0.059"/>
  <system-out/>
</testsuite> <!-- test.LogoutUser -->
