<?xml version="1.0" encoding="UTF-8"?>
<!-- Generated by org.testng.reporters.JUnitReportReporter -->
<testsuite hostname="DESKTOP-1429IRN" failures="0" tests="4" name="test.AddUserTest" time="0.732" errors="0" timestamp="2022-09-16T11:33:59 ART" skipped="0">
  <testcase classname="test.AddUserTest" name="assert_change" time="0.000"/>
  <system-out/>
  <testcase classname="test.AddUserTest" name="fillform" time="0.614"/>
  <system-out/>
  <testcase classname="test.AddUserTest" name="validateNewuser" time="0.018"/>
  <system-out/>
  <testcase classname="test.AddUserTest" name="stepOneCreatingUser" time="0.100"/>
  <system-out/>
</testsuite> <!-- test.AddUserTest -->
