<?xml version="1.0" encoding="UTF-8"?>
<!-- Generated by org.testng.reporters.JUnitReportReporter -->
<testsuite hostname="DESKTOP-1429IRN" failures="0" tests="4" name="test.AddUserTest" time="1.336" errors="0" timestamp="2022-09-16T12:20:07 ART" skipped="0">
  <testcase classname="test.AddUserTest" name="assert_change" time="0.001"/>
  <system-out/>
  <testcase classname="test.AddUserTest" name="validateNewuser" time="0.032"/>
  <system-out/>
  <testcase classname="test.AddUserTest" name="fillform" time="1.168"/>
  <system-out/>
  <testcase classname="test.AddUserTest" name="stepOneCreatingUser" time="0.135"/>
  <system-out/>
</testsuite> <!-- test.AddUserTest -->
