<?xml version="1.0" encoding="UTF-8"?>
<!-- Generated by org.testng.reporters.JUnitReportReporter -->
<testsuite hostname="AR-IT24496" failures="0" tests="2" name="test.LoginIncorrectEmailAndPassword" time="2.551" errors="0" timestamp="2022-02-06T15:39:10 ART" skipped="0">
  <testcase classname="test.LoginIncorrectEmailAndPassword" name="LoginWithincorrectData" time="2.467"/>
  <system-out/>
  <testcase classname="test.LoginIncorrectEmailAndPassword" name="titlepage" time="0.084"/>
  <system-out/>
</testsuite> <!-- test.LoginIncorrectEmailAndPassword -->
