<?xml version="1.0" encoding="UTF-8"?>
<!-- Generated by org.testng.reporters.JUnitReportReporter -->
<testsuite hostname="AR-IT24496" failures="0" tests="3" name="test.LoginValidEmailAndPassword" time="7.205" errors="0" timestamp="2022-02-06T15:43:11 ART" skipped="0">
  <testcase classname="test.LoginValidEmailAndPassword" name="login_valid_user_Mail" time="6.140"/>
  <system-out/>
  <testcase classname="test.LoginValidEmailAndPassword" name="delete_account" time="0.990"/>
  <system-out/>
  <testcase classname="test.LoginValidEmailAndPassword" name="titlepage" time="0.075"/>
  <system-out/>
</testsuite> <!-- test.LoginValidEmailAndPassword -->
