<?xml version="1.0" encoding="UTF-8"?>
<!-- Generated by org.testng.reporters.JUnitReportReporter -->
<testsuite hostname="DESKTOP-1429IRN" failures="0" tests="3" name="test.AddUserTest" time="0.756" errors="0" timestamp="2022-09-13T11:51:39 ART" skipped="0">
  <testcase classname="test.AddUserTest" name="fillform" time="0.660"/>
  <system-out/>
  <testcase classname="test.AddUserTest" name="assert_change" time="0.001"/>
  <system-out/>
  <testcase classname="test.AddUserTest" name="stepOneCreatingUser" time="0.095"/>
  <system-out/>
</testsuite> <!-- test.AddUserTest -->
