<?xml version="1.0" encoding="UTF-8"?>
<!-- Generated by org.testng.reporters.JUnitReportReporter -->
<testsuite hostname="DESKTOP-1429IRN" failures="0" tests="2" name="test.DeletUser" time="2.215" errors="0" timestamp="2022-09-10T17:46:50 ART" skipped="0">
  <testcase classname="test.DeletUser" name="validatedelteuser" time="0.100"/>
  <system-out/>
  <testcase classname="test.DeletUser" name="delete" time="2.115"/>
  <system-out/>
</testsuite> <!-- test.DeletUser -->
