<?xml version="1.0" encoding="UTF-8"?>
<!-- Generated by org.testng.reporters.JUnitReportReporter -->
<testsuite hostname="DESKTOP-1429IRN" failures="0" tests="2" name="test.ScenarioTest" time="3.172" errors="0" timestamp="2023-10-28T16:18:17 ART" skipped="0">
  <testcase classname="test.ScenarioTest" name="Hoverandclick" time="1.114"/>
  <system-out/>
  <testcase classname="test.ScenarioTest" name="scrolldownToPersonalInfo" time="2.058"/>
  <system-out/>
</testsuite> <!-- test.ScenarioTest -->
